This is TeX, Version 3.14159 (Web2C 7.3.1) (format=latex 2002.4.12)  8 FEB 2004 17:54
**refman.tex
(refman.tex
LaTeX2e <2000/06/01>
Babel <v3.7h> and hyphenation patterns for american, french, german, ngerman, i
talian, nohyphenation, loaded.
(/usr/share/texmf/tex/latex/base/article.cls
Document Class: article 2000/05/19 v1.4b Standard LaTeX document class
(/usr/share/texmf/tex/latex/base/size10.clo
File: size10.clo 2000/05/19 v1.4b Standard LaTeX file (size option)
)
\c@part=\count79
\c@section=\count80
\c@subsection=\count81
\c@subsubsection=\count82
\c@paragraph=\count83
\c@subparagraph=\count84
\c@figure=\count85
\c@table=\count86
\abovecaptionskip=\skip41
\belowcaptionskip=\skip42
\bibindent=\dimen102
)
(/usr/share/texmf/tex/latex/misc/a4wide.sty
Package: a4wide 1994/08/30

(/usr/share/texmf/tex/latex/ntgclass/a4.sty
Package: a4 1999/03/03 v1.2f A4 based page layout
))
(/usr/share/texmf/tex/latex/base/makeidx.sty
Package: makeidx 2000/03/29 v1.0m Standard LaTeX package
)
(/usr/share/texmf/tex/latex/fancyhdr/fancyhdr.sty
\headwidth=\dimen103
)
(/usr/share/texmf/tex/latex/graphics/graphicx.sty
Package: graphicx 1999/02/16 v1.0f Enhanced LaTeX Graphics (DPC,SPQR)

(/usr/share/texmf/tex/latex/graphics/keyval.sty
Package: keyval 1999/03/16 v1.13 key=value parser (DPC)
\KV@toks@=\toks14
)
(/usr/share/texmf/tex/latex/graphics/graphics.sty
Package: graphics 1999/02/16 v1.0l Standard LaTeX Graphics (DPC,SPQR)

(/usr/share/texmf/tex/latex/graphics/trig.sty
Package: trig 1999/03/16 v1.09 sin cos tan (DPC)
)
(/usr/share/texmf/tex/latex/config/graphics.cfg)
Package graphics Info: Driver file: dvips.def on input line 80.

(/usr/share/texmf/tex/latex/graphics/dvips.def
File: dvips.def 1999/02/16 v3.0i Driver-dependant file (DPC,SPQR)
))
\Gin@req@height=\dimen104
\Gin@req@width=\dimen105
)
(/usr/share/texmf/tex/latex/misc/float.sty
Package: float 1999/05/29 v1.2d Float enhancements (AL)
\c@float@type=\count87
\float@box=\box26
\@floatcapt=\box27
)
(/usr/share/texmf/tex/latex/base/alltt.sty
Package: alltt 1997/06/16 v2.0g defines alltt environment
) (doxygen.sty
Package: doxygen 

(/usr/share/texmf/tex/latex/tools/calc.sty
Package: calc 1998/07/07 v4.1b Infix arithmetic (KKT,FJ)
\calc@Acount=\count88
\calc@Bcount=\count89
\calc@Adimen=\dimen106
\calc@Bdimen=\dimen107
\calc@Askip=\skip43
\calc@Bskip=\skip44
LaTeX Info: Redefining \setlength on input line 59.
LaTeX Info: Redefining \addtolength on input line 60.
\calc@denominator=\count90
)
(/usr/share/texmf/tex/latex/tools/array.sty
Package: array 1998/05/13 v2.3m Tabular extension package (FMi)
\col@sep=\dimen108
\extrarowheight=\dimen109
\NC@list=\toks15
\extratabsurround=\skip45
\backup@length=\skip46
)
\tmplength=\skip47
)
\@indexfile=\write3
\openout3 = `refman.idx'.


Writing index file refman.idx
(refman.aux)
\openout1 = `refman.aux'.

LaTeX Font Info:    Checking defaults for OML/cmm/m/it on input line 12.
LaTeX Font Info:    ... okay on input line 12.
LaTeX Font Info:    Checking defaults for T1/cmr/m/n on input line 12.
LaTeX Font Info:    ... okay on input line 12.
LaTeX Font Info:    Checking defaults for OT1/cmr/m/n on input line 12.
LaTeX Font Info:    ... okay on input line 12.
LaTeX Font Info:    Checking defaults for OMS/cmsy/m/n on input line 12.
LaTeX Font Info:    ... okay on input line 12.
LaTeX Font Info:    Checking defaults for OMX/cmex/m/n on input line 12.
LaTeX Font Info:    ... okay on input line 12.
LaTeX Font Info:    Checking defaults for U/cmr/m/n on input line 12.
LaTeX Font Info:    ... okay on input line 12.
 [1

] (refman.toc)
\tf@toc=\write4
\openout4 = `refman.toc'.

 (index.tex
LaTeX Font Info:    External font `cmex10' loaded for size
(Font)              <7> on input line 3.
LaTeX Font Info:    External font `cmex10' loaded for size
(Font)              <5> on input line 3.

Underfull \hbox (badness 10000) in paragraph at lines 12--12
  
 []


Underfull \hbox (badness 10000) in paragraph at lines 17--17
  
 []

LaTeX Font Info:    Try loading font information for OMS+cmr on input line 26.
(/usr/share/texmf/tex/latex/base/omscmr.fd
File: omscmr.fd 1999/05/25 v2.5h Standard LaTeX font definitions
)
LaTeX Font Info:    Font shape `OMS/cmr/m/n' in size <10> not available
(Font)              Font shape `OMS/cmsy/m/n' tried instead on input line 26.
LaTeX Font Info:    Font shape `OMS/cmr/bx/n' in size <7> not available
(Font)              Font shape `OMS/cmsy/b/n' tried instead on input line 37.
 [1] [2] [3] [4]) (hierarchy.tex
[5] [6] [7] [8]) (annotated.tex [9] [10]) (files.tex [11] [12]) (pages.tex)
(class_basestar.tex
File: class_basestar.eps Graphic file (type eps)
 <class_basestar.eps> [13]
LaTeX Font Info:    External font `cmex10' loaded for size
(Font)              <9> on input line 97.
LaTeX Font Info:    External font `cmex10' loaded for size
(Font)              <6> on input line 97.
) (class_component.tex [14])
(class_countedref.tex
File: class_countedref.eps Graphic file (type eps)
 <class_countedref.eps> [15]) (class_daophot.tex [16])
(class_dbimage.tex
File: class_dbimage.eps Graphic file (type eps)
 <class_dbimage.eps> [17] [18] [19]) (class_dbimagelist.tex
File: class_dbimagelist.eps Graphic file (type eps)

<class_dbimagelist.eps> [20]) (class_dimage.tex
File: class_dimage.eps Graphic file (type eps)
 <class_dimage.eps> [21])
(class_fastfinder.tex [22]) (class_fitsheader.tex [23]
File: class_fitsheader.eps Graphic file (type eps)
 <class_fitsheader.eps>
Underfull \hbox (badness 1038) in paragraph at lines 22--23
 []\OT1/cmr/bx/n/10 Fits-Header \OT1/cmr/m/n/10 (const string &File-Name, const
 Fits-File-Mode Mode=RO, bool Empty-
 []

[24] [25] [26] [27]) (class_fitsimage.tex
File: class_fitsimage.eps Graphic file (type eps)
 <class_fitsimage.eps> [28])
(class_fitsimagearray.tex
File: class_fitsimagearray.eps Graphic file (type eps)
 <class_fitsimagearray.eps> [29] [30]

LaTeX Warning: Reference `class_fitsimagearray_s10' on page 31 undefined on inp
ut line 103.


Underfull \hbox (badness 10000) in paragraph at lines 104--104
  
 []

[31]
Underfull \hbox (badness 10000) in paragraph at lines 117--117
  
 []


Underfull \hbox (badness 10000) in paragraph at lines 133--133
  
 []


Underfull \hbox (badness 10000) in paragraph at lines 150--150
  
 []


Underfull \hbox (badness 10000) in paragraph at lines 174--174
  
 []

) (class_fitskey.tex [32]) (class_fitsparallelslices.tex
File: class_fitsparallelslices.eps Graphic file (type eps)

<class_fitsparallelslices.eps> [33]) (class_fitsset.tex [34])
(class_fitsslice.tex
File: class_fitsslice.eps Graphic file (type eps)
 <class_fitsslice.eps> [35]) (class_frame.tex [36] [37])
(class_fringeutils.tex [38]
Underfull \hbox (badness 1803) in paragraph at lines 74--75
 \OT1/cmr/bx/n/10 6.17.2.1 void Fringe-Utils::Clear-Image (Im-age & \OT1/cmr/bx
/it/10 Img\OT1/cmr/bx/n/10 , const dou-ble \OT1/cmr/bx/it/10 NSigma\OT1/cmr/bx/
n/10 )
 []

[39]
Underfull \hbox (badness 10000) in paragraph at lines 94--94
  
 []


Underfull \hbox (badness 10000) in paragraph at lines 97--97
  
 []


Underfull \hbox (badness 10000) in paragraph at lines 115--115
  
 []


Underfull \hbox (badness 10000) in paragraph at lines 125--125
  
 []


Underfull \hbox (badness 10000) in paragraph at lines 131--131
  
 []

[40]) (class_gtransfo.tex
File: class_gtransfo.eps Graphic file (type eps)
 <class_gtransfo.eps> [41]
Underfull \hbox (badness 1400) in paragraph at lines 51--52
 []\OT1/cmr/m/n/10 virtual void \OT1/cmr/bx/n/10 Deriva-tive \OT1/cmr/m/n/10 (c
onst \OT1/cmr/bx/n/10 Point \OT1/cmr/m/n/10 &Where, \OT1/cmr/bx/n/10 Gtransfo-L
in \OT1/cmr/m/n/10 &Der, const dou-ble
 []


Underfull \hbox (badness 2126) in paragraph at lines 54--55
 []\OT1/cmr/m/n/10 virtual \OT1/cmr/bx/n/10 Gtransfo-Lin Linear-Approximation \
OT1/cmr/m/n/10 (const \OT1/cmr/bx/n/10 Point \OT1/cmr/m/n/10 &Where, const dou-
ble
 []

[42]
Underfull \hbox (badness 3449) in paragraph at lines 103--104
 \OT1/cmr/bx/n/10 6.18.2.3 Gtransfo $\OMS/cmsy/m/n/10 ^^C$ \OT1/cmr/bx/n/10 Gtr
ansfo::Rough-Inverse (const Frame & \OT1/cmr/bx/it/10 Re-gion\OT1/cmr/bx/n/10 )
 const
 []

) (class_gtransfocub.tex
File: class_gtransfocub.eps Graphic file (type eps)
 <class_gtransfocub.eps> [43] [44])
(class_gtransfoidentity.tex
File: class_gtransfoidentity.eps Graphic file (type eps)
 <class_gtransfoidentity.eps> [45]
Underfull \hbox (badness 2617) in paragraph at lines 43--44
 []\OT1/cmr/m/n/10 void \OT1/cmr/bx/n/10 Deriva-tive \OT1/cmr/m/n/10 (const \OT
1/cmr/bx/n/10 Point \OT1/cmr/m/n/10 &Where, \OT1/cmr/bx/n/10 Gtransfo-Lin \OT1/
cmr/m/n/10 &Deriva-tive, const dou-ble
 []


Underfull \hbox (badness 2126) in paragraph at lines 46--47
 []\OT1/cmr/m/n/10 virtual \OT1/cmr/bx/n/10 Gtransfo-Lin Linear-Approximation \
OT1/cmr/m/n/10 (const \OT1/cmr/bx/n/10 Point \OT1/cmr/m/n/10 &Where, const dou-
ble
 []

[46]) (class_gtransfolin.tex
File: class_gtransfolin.eps Graphic file (type eps)
 <class_gtransfolin.eps> [47] [48]
Underfull \hbox (badness 1675) in paragraph at lines 169--170
 \OT1/cmr/bx/n/10 6.21.2.2 Gtransfo$\OMS/cmsy/m/n/10 ^^C$ \OT1/cmr/bx/n/10 Gtra
nsfo-Lin::Inverse-Transfo (const dou-ble \OT1/cmr/bx/it/10 Pre-ci-sion\OT1/cmr/
bx/n/10 , const
 []

[49]) (class_gtransfolinrot.tex
File: class_gtransfolinrot.eps Graphic file (type eps)
 <class_gtransfolinrot.eps> [50])
(class_gtransfolinscale.tex
File: class_gtransfolinscale.eps Graphic file (type eps)
 <class_gtransfolinscale.eps>)
(class_gtransfolinshift.tex
File: class_gtransfolinshift.eps Graphic file (type eps)
 <class_gtransfolinshift.eps> [51])
(class_gtransfoquad.tex
File: class_gtransfoquad.eps Graphic file (type eps)
 <class_gtransfoquad.eps> [52]
Underfull \hbox (badness 2617) in paragraph at lines 49--50
 []\OT1/cmr/m/n/10 void \OT1/cmr/bx/n/10 Deriva-tive \OT1/cmr/m/n/10 (const \OT
1/cmr/bx/n/10 Point \OT1/cmr/m/n/10 &Where, \OT1/cmr/bx/n/10 Gtransfo-Lin \OT1/
cmr/m/n/10 &Deriva-tive, const dou-ble
 []

[53] [54]) (class_image.tex
File: class_image.eps Graphic file (type eps)
 <class_image.eps> [55] [56] [57] [58])
(class_imageback.tex [59]) (class_imagegtransfo.tex
File: class_imagegtransfo.eps Graphic file (type eps)
 <class_imagegtransfo.eps>
[60]) (class_imagesubtraction.tex
File: class_imagesubtraction.eps Graphic file (type eps)
 <class_imagesubtraction.eps>
Underfull \hbox (badness 1038) in paragraph at lines 18--19
 []\OT1/cmr/bx/n/10 Image-Subtraction \OT1/cmr/m/n/10 (const string &Name, cons
t \OT1/cmr/bx/n/10 Reduced-Image \OT1/cmr/m/n/10 &Ref-Image, const
 []


Underfull \hbox (badness 1038) in paragraph at lines 22--23
 []\OT1/cmr/bx/n/10 Image-Subtraction \OT1/cmr/m/n/10 (const string &Name, cons
t \OT1/cmr/bx/n/10 Reduced-Image \OT1/cmr/m/n/10 &Ref-Image, const
 []

[61]) (class_imagesum.tex
File: class_imagesum.eps Graphic file (type eps)
 <class_imagesum.eps> [62] [63]) (class_jimstar.tex
File: class_jimstar.eps Graphic file (type eps)

<class_jimstar.eps> [64]) (class_kernel.tex
File: class_kernel.eps Graphic file (type eps)
 <class_kernel.eps> [65] [66]
LaTeX Font Info:    Font shape `OMS/cmr/m/it' in size <9> not available
(Font)              Font shape `OMS/cmsy/m/n' tried instead on input line 88.
)
(class_kernelfit.tex [67] [68]
Underfull \hbox (badness 10000) in paragraph at lines 201--201
  
 []

[69]) (class_lightcurve.tex
File: class_lightcurve.eps Graphic file (type eps)
 <class_lightcurve.eps> [70])
(class_lightcurvebuilder.tex
File: class_lightcurvebuilder.eps Graphic file (type eps)
 <class_lightcurvebuilder.eps> [71] [72])
(class_lightcurveguru.tex [73]) (struct_namedvalue.tex) (struct_newsub.tex
[74]) (class_night.tex
File: class_night.eps Graphic file (type eps)
 <class_night.eps> [75] [76]) (class_nightelement.tex
File: class_nightelement.eps Graphic file (type eps)

<class_nightelement.eps> [77]) (class_nightset.tex
File: class_nightset.eps Graphic file (type eps)
 <class_nightset.eps>
[78]) (class_point.tex
File: class_point.eps Graphic file (type eps)
 <class_point.eps> [79] [80]) (class_psfmatch.tex
File: class_psfmatch.eps Graphic file (type eps)

<class_psfmatch.eps> [81]) (class_psfstars.tex
File: class_psfstars.eps Graphic file (type eps)
 <class_psfstars.eps> [82])
(class_reducedimage.tex
File: class_reducedimage.eps Graphic file (type eps)
 <class_reducedimage.eps> [83] [84] [85] [86] [87])
(class_sestar.tex [88]
File: class_sestar.eps Graphic file (type eps)
 <class_sestar.eps> [89] [90] [91] [92])
(class_simultaneousfit.tex
File: class_simultaneousfit.eps Graphic file (type eps)
 <class_simultaneousfit.eps> [93] [94])
(class_stamp.tex [95]) (class_stamplist.tex
File: class_stamplist.eps Graphic file (type eps)
 <class_stamplist.eps>)
(class_starlist.tex [96]
File: class_starlist.eps Graphic file (type eps)
 <class_starlist.eps> [97] [98]
Underfull \hbox (badness 10000) in paragraph at lines 159--160
 \OT1/cmr/bx/n/10 6.50.3.1 template$\OML/cmm/m/it/10 <$\OT1/cmr/bx/n/10 class S
tar$\OML/cmm/m/it/10 >$ \OT1/cmr/bx/n/10 template$\OML/cmm/m/it/10 <$\OT1/cmr/b
x/n/10 class Operator$\OML/cmm/m/it/10 >$ \OT1/cmr/bx/n/10 void Star-
 []

) (class_starmatch.tex [99] [100]) (class_sub.tex) (class_subimage.tex
File: class_subimage.eps Graphic file (type eps)

<class_subimage.eps> [101]) (class_tanpix2radec.tex
File: class_tanpix2radec.eps Graphic file (type eps)
 <class_tanpix2radec.eps>
[102] [103]) (class_tanradec2pix.tex
File: class_tanradec2pix.eps Graphic file (type eps)
 <class_tanradec2pix.eps> [104])
(class_transformedimage.tex [105]
File: class_transformedimage.eps Graphic file (type eps)
 <class_transformedimage.eps> [106]
Underfull \hbox (badness 3579) in paragraph at lines 107--108
 \OT1/cmr/bx/n/10 6.56.2.1 Transformed-Image::Transformed-Image (const string &
 \OT1/cmr/bx/it/10 Name\OT1/cmr/bx/n/10 , const
 []

) (class_vignet.tex
File: class_vignet.eps Graphic file (type eps)
 <class_vignet.eps> [107] [108]) (allreducedimage_h.tex)
(astroutils_h.tex [109]) (basestar_h.tex [110]) (dbimage_h.tex [111])
(fastfinder_h.tex [112]) (fitsimage_h.tex [113]) (fitsset_h.tex)
(fitsslice_h.tex [114]) (fitstoad_cc.tex [115] [116]) (gtransfo_h.tex [117])
(image_h.tex [118]) (imageback_h.tex) (imagematch_h.tex [119]
Underfull \hbox (badness 2828) in paragraph at lines 10--11
 \OT1/cmr/bx/n/10 Header \OT1/cmr/m/n/10 &Head1, const \OT1/cmr/bx/n/10 Fits-He
ader \OT1/cmr/m/n/10 &Head2, \OT1/cmr/bx/n/10 Gtransfo $\OMS/cmsy/m/n/10 ^^C$\O
T1/cmr/m/n/10 &One2Two, \OT1/cmr/bx/n/10 Gtransfo
 []

) (imagesubtraction_h.tex [120]) (jimstar_h.tex) (lightcurve_h.tex [121])
(lightcurvebuilder_h.tex) (lightcurveguru_h.tex [122]) (listmatch_h.tex
[123]) (night_h.tex
Underfull \hbox (badness 1127) in paragraph at lines 30--31
 []\OT1/cmr/m/n/10 bool \OT1/cmr/bx/n/10 Same-Seeing \OT1/cmr/m/n/10 (const \OT
1/cmr/bx/n/10 Night \OT1/cmr/m/n/10 &Ref-er-ence, const \OT1/cmr/bx/n/10 Night 
\OT1/cmr/m/n/10 &Cur-rent, const dou-ble
 []

[124]) (point_h.tex) (reducedimage_cc.tex [125]
Underfull \hbox (badness 2961) in paragraph at lines 37--38
 []\OT1/cmr/m/n/10 #define \OT1/cmr/bx/n/10 READ[]-AND[]-SET[]-ROUTINES\OT1/cmr
/m/n/10 (ROUTINE[]-NAME, VAL-UE-TYPE, FITS[]-
 []


Underfull \hbox (badness 10000) in paragraph at lines 43--44
 []\OT1/cmr/bx/n/10 READ[]-AND[]-SET[]-ROUTINES \OT1/cmr/m/n/10 (Ex-po-sure, do
u-ble,"TOADEXPO") READ[]-
 []


Underfull \hbox (badness 10000) in paragraph at lines 43--44
 \OT1/cmr/m/n/10 AND[]-SET[]-ROUTINES(Epoch, dou-ble,"TOADEQUI") READ[]-AND[]-S
ET[]-
 []


Underfull \hbox (badness 10000) in paragraph at lines 43--44
 \OT1/cmr/m/n/10 READ[]-AND[]-SET[]-ROUTINES(Band, string,"TOADBAND") READ[]-AN
D[]-SET[]-
 []


Underfull \hbox (badness 10000) in paragraph at lines 43--44
 \OT1/cmr/m/n/10 ROUTINES(Filter, string,"TOADFILT") READ[]-AND[]-SET[]-ROUTINE
S(Chip,
 []


Underfull \hbox (badness 10000) in paragraph at lines 43--44
 \OT1/cmr/m/n/10 int,"TOADCHIP") READ[]-AND[]-SET[]-ROUTINES(Date, string,"TOAD
DATE")
 []


Underfull \hbox (badness 10000) in paragraph at lines 43--44
 \OT1/cmr/m/n/10 READ[]-AND[]-SET[]-ROUTINES(Time-Obs, string,"TOADUTIM") READ[
]-AND[]-
 []


Underfull \hbox (badness 10000) in paragraph at lines 43--44
 \OT1/cmr/m/n/10 SET[]-ROUTINES(Photom-Reference, string,"PHOTOREF") READ[]-AND
[]-SET[]-
 []


Underfull \hbox (badness 10000) in paragraph at lines 43--44
 \OT1/cmr/m/n/10 ROUTINES(Target, string,"TOADOBJE") READ[]-AND[]-SET[]-ROUTINE
S(Airmass,
 []


Underfull \hbox (badness 10000) in paragraph at lines 43--44
 \OT1/cmr/m/n/10 dou-ble,"TOADAIRM") READ[]-AND[]-SET[]-ROUTINES(Signal-To-Nois
e23, dou-
 []


Underfull \hbox (badness 10000) in paragraph at lines 43--44
 \OT1/cmr/m/n/10 ble,"USNOSB23") READ[]-AND[]-SET[]-ROUTINES(Zero-Point, dou-bl
e,"ZEROUSNO")
 []


Underfull \hbox (badness 10000) in paragraph at lines 43--44
 \OT1/cmr/m/n/10 READ[]-AND[]-SET[]-ROUTINES(Zerop, dou-ble,"TOADPZPT") READ[]-
AND[]-SET[]-
 []


Underfull \hbox (badness 10000) in paragraph at lines 43--44
 \OT1/cmr/m/n/10 ROUTINES(ZP0, dou-ble,"ZP0") HAS[]-ROUTINE(ZP0,"ZP0") READ[]-A
ND[]-SET[]-
 []


Underfull \hbox (badness 10000) in paragraph at lines 43--44
 \OT1/cmr/m/n/10 ROUTINES(ZP, dou-ble,"ZP") HAS[]-ROUTINE(ZP,"ZP") READ[]-AND[]
-SET[]-
 []


Underfull \hbox (badness 10000) in paragraph at lines 43--44
 \OT1/cmr/m/n/10 ROUTINES(ZZZero-P, dou-ble,"ZPTOADS") HAS[]-ROUTINE(ZZZero-P,"
ZPTOADS")
 []

[126]
Underfull \hbox (badness 10000) in paragraph at lines 169--170
 \OT1/cmr/bx/n/10 7.22.2.2 #de-fine READ[]-AND[]-SET[]-ROUTINES(ROUTINE[]-NAME,
 VAL-UE-
 []


Underfull \hbox (badness 4229) in paragraph at lines 177--178
 \OT1/cmr/bx/n/10 7.22.2.3 #de-fine READ[]-ROUTINE(ROUTINE[]-NAME, VAL-UE-TYPE,
 FITS[]-
 []

[127]) (sestar_h.tex [128]
Underfull \hbox (badness 5388) in paragraph at lines 91--92
 []\OT1/cmr/m/n/10 int \OT1/cmr/bx/n/10 Star-Finder \OT1/cmr/m/n/10 (\OT1/cmr/b
x/n/10 SEStar-List \OT1/cmr/m/n/10 &stlse, \OT1/cmr/bx/n/10 SEStar-List \OT1/cm
r/m/n/10 &Pretty-Stars, dou-ble sat-u-ra-
 []

) (simultaneousfit_h.tex [129]) (starmatch_h.tex [130]) (usnoutils_h.tex
[131]) (vignet_h.tex [132]) (vignetfit_h.tex) (vutils_h.tex [133]
Underfull \hbox (badness 10000) in paragraph at lines 84--84
  
 []

[134]) (wcsutils_h.tex
Underfull \hbox (badness 3635) in paragraph at lines 27--28
 []\OT1/cmr/m/n/10 bool \OT1/cmr/bx/n/10 WCSLin-Transfo-From-Header \OT1/cmr/m/
n/10 (const string &Fits-Image-Name, \OT1/cmr/bx/n/10 Gtransfo-Lin
 []


Underfull \hbox (badness 7151) in paragraph at lines 31--32
 []\OT1/cmr/m/n/10 bool \OT1/cmr/bx/n/10 WCSLin-Transfo-From-Header \OT1/cmr/m/
n/10 (const \OT1/cmr/bx/n/10 Fits-Header \OT1/cmr/m/n/10 &Header, \OT1/cmr/bx/n
/10 Gtransfo-Lin
 []

[135]) [136] (database_page.tex) (example_slices.tex [137]) (fitstoad_long.tex
[138] [139]) (lightfile.tex [140]) (subfile.tex [141]) (newsubfile.tex [142])
No file refman.ind.
[143] (refman.aux)

LaTeX Warning: There were undefined references.


LaTeX Warning: Label(s) may have changed. Rerun to get cross-references right.

 ) 
Here is how much of TeX's memory you used:
 2694 strings out of 20887
 45134 string characters out of 196274
 80572 words of memory out of 350001
 5453 multiletter control sequences out of 10000+15000
 10244 words of font info for 36 fonts, out of 400000 for 1000
 14 hyphenation exceptions out of 10000
 35i,15n,40p,1777b,1609s stack positions out of 3000i,100n,1500p,50000b,4000s

Output written on refman.dvi (144 pages, 355308 bytes).
